2022-03-31 00:03:04:837735597 bb_server/src/lib.rs:20 [INFO] generating sugarlang docs...
2022-03-31 00:03:04:838704421 bb_common/src/config/mod.rs:78 [ERROR] error loading yaml at `server.yml`: No such file or directory (os error 2)
2022-03-31 00:03:04:848955507 bb_server/src/lib.rs:27 [INFO] generated docs at /data/macmv-programming/rust/bamboo/examples/target/sl_docs/bamboo/index.html
2022-03-31 00:03:04:849888669 bb_common/src/config/mod.rs:78 [ERROR] error loading yaml at `server.yml`: No such file or directory (os error 2)
2022-03-31 00:04:14:363839924 bb_server/src/lib.rs:20 [INFO] generating sugarlang docs...
2022-03-31 00:04:14:364107172 bb_common/src/config/mod.rs:78 [ERROR] error loading yaml at `server.yml`: No such file or directory (os error 2)
2022-03-31 00:04:14:371603188 bb_server/src/lib.rs:27 [INFO] generated docs at /data/macmv-programming/rust/bamboo/examples/target/sl_docs/bamboo/index.html
2022-03-31 00:04:14:371761183 bb_common/src/config/mod.rs:78 [ERROR] error loading yaml at `server.yml`: No such file or directory (os error 2)
2022-03-31 00:04:14:371947632 bb_server/src/plugin/mod.rs:97 [WARN] error reading plugins: No such file or directory (os error 2)
2022-03-31 00:04:14:378720829 bb_server/src/world/init.rs:86 [INFO] generating terrain...
2022-03-31 00:04:24:700267564 bb_server/src/world/init.rs:103 [INFO] done generating terrain
2022-03-31 00:04:24:700383437 bb_server/src/main.rs:86 [INFO] listening on 0.0.0.0:8483
2022-03-31 00:06:25:470243430 bb_server/src/lib.rs:20 [INFO] generating sugarlang docs...
2022-03-31 00:06:25:473713916 bb_server/src/lib.rs:27 [INFO] generated docs at /data/macmv-programming/rust/bamboo/examples/music/target/sl_docs/bamboo/index.html
2022-03-31 00:06:25:473895923 bb_common/src/config/mod.rs:78 [ERROR] error loading yaml at `plugins/music/plugin.yml`: No such file or directory (os error 2)
2022-03-31 00:06:25:473932672 bb_server/src/plugin/mod.rs:132 [ERROR] plugin `music` does not have a `main.pand` file
2022-03-31 00:06:25:476559749 bb_server/src/world/init.rs:86 [INFO] generating terrain...
2022-03-31 00:06:25:479264324 bb_server/src/world/init.rs:103 [INFO] done generating terrain
2022-03-31 00:06:25:479349521 bb_server/src/main.rs:86 [INFO] listening on 0.0.0.0:8483
2022-03-31 00:06:54:473296949 bb_server/src/world/mod.rs:250 [INFO] macmv has joined the game
2022-03-31 00:06:56:478888064 bb_server/src/net/packet.rs:138 [WARN] unknown packet: Flying { flying: true }
2022-03-31 00:06:59:780959433 bb_server/src/world/mod.rs:531 [INFO] macmv left the game
2022-03-31 00:06:59:781068455 bb_server/src/world/mod.rs:546 [WARN] chunks remaining after last player logged off: 4225
2022-03-31 00:10:04:306969119 bb_server/src/lib.rs:20 [INFO] generating sugarlang docs...
2022-03-31 00:10:04:310374463 bb_server/src/lib.rs:27 [INFO] generated docs at /data/macmv-programming/rust/bamboo/examples/music/target/sl_docs/bamboo/index.html
2022-03-31 00:10:04:310575115 bb_common/src/config/mod.rs:78 [ERROR] error loading yaml at `plugins/music/plugin.yml`: No such file or directory (os error 2)
2022-03-31 00:10:04:310613737 bb_server/src/plugin/mod.rs:124 [INFO] found panda plugin at plugins/music/main.pand
2022-03-31 00:10:04:310775843 bb_server/src/plugin/panda/mod.rs:141 [WARN] error in plugin `music`:
 in `plugins/music/main.pand`:
 [34m3[0m 
 [34m4[0m   world = bb.default_world()
 [34m5[0m   world.fill(Pos::new(-5, 60, -5), Pos::new(5, 60, 5), "stone")
[31m                ^^^^^^^^ Undefined name 'Pos::new'
[0m [34m6[0m }
 [34m7[0m 

2022-03-31 00:10:04:313474341 bb_server/src/world/init.rs:86 [INFO] generating terrain...
2022-03-31 00:10:04:316226396 bb_server/src/world/init.rs:103 [INFO] done generating terrain
2022-03-31 00:10:04:316326248 bb_server/src/main.rs:86 [INFO] listening on 0.0.0.0:8483
2022-03-31 00:10:14:575318103 bb_server/src/lib.rs:20 [INFO] generating sugarlang docs...
2022-03-31 00:10:14:578626038 bb_server/src/lib.rs:27 [INFO] generated docs at /data/macmv-programming/rust/bamboo/examples/music/target/sl_docs/bamboo/index.html
2022-03-31 00:10:14:578806026 bb_common/src/config/mod.rs:78 [ERROR] error loading yaml at `plugins/music/plugin.yml`: No such file or directory (os error 2)
2022-03-31 00:10:14:578850170 bb_server/src/plugin/mod.rs:124 [INFO] found panda plugin at plugins/music/main.pand
2022-03-31 00:10:14:579001010 bb_server/src/plugin/panda/mod.rs:141 [WARN] error in plugin `music`:
 in `plugins/music/main.pand`:
 [34m1[0m use bamboo::math::Pos
[31m                     ^^^ Undefined import 'Pos'
[0m [34m2[0m 
 [34m3[0m fn init() {

2022-03-31 00:10:14:581692762 bb_server/src/world/init.rs:86 [INFO] generating terrain...
2022-03-31 00:10:14:584497787 bb_server/src/world/init.rs:103 [INFO] done generating terrain
2022-03-31 00:10:14:584621019 bb_server/src/main.rs:86 [INFO] listening on 0.0.0.0:8483
2022-03-31 00:10:29:146579895 bb_server/src/lib.rs:20 [INFO] generating sugarlang docs...
2022-03-31 00:10:29:150582452 bb_server/src/lib.rs:27 [INFO] generated docs at /data/macmv-programming/rust/bamboo/examples/music/target/sl_docs/bamboo/index.html
2022-03-31 00:10:29:150828727 bb_common/src/config/mod.rs:78 [ERROR] error loading yaml at `plugins/music/plugin.yml`: No such file or directory (os error 2)
2022-03-31 00:10:29:150872647 bb_server/src/plugin/mod.rs:124 [INFO] found panda plugin at plugins/music/main.pand
2022-03-31 00:10:29:151057144 bb_server/src/plugin/panda/mod.rs:141 [WARN] error in plugin `music`:
 in `plugins/music/main.pand`:
 [34m4[0m   bb = bamboo::instance()
 [34m5[0m 
 [34m6[0m   world = bb.default_world()
[31m                ^^^^^^^^^^^^^ Undefined function `bamboo::Bamboo::default_world`
[0m [34m7[0m   world.fill(Pos::new(-5, 60, -5), Pos::new(5, 60, 5), "stone")
 [34m8[0m }

2022-03-31 00:10:29:153869064 bb_server/src/world/init.rs:86 [INFO] generating terrain...
2022-03-31 00:10:29:156946223 bb_server/src/world/init.rs:103 [INFO] done generating terrain
2022-03-31 00:10:29:157022284 bb_server/src/main.rs:86 [INFO] listening on 0.0.0.0:8483
2022-03-31 00:11:37:101377292 bb_server/src/lib.rs:20 [INFO] generating sugarlang docs...
2022-03-31 00:11:37:104673711 bb_server/src/lib.rs:27 [INFO] generated docs at /data/macmv-programming/rust/bamboo/examples/music/target/sl_docs/bamboo/index.html
2022-03-31 00:11:37:104858141 bb_common/src/config/mod.rs:78 [ERROR] error loading yaml at `plugins/music/plugin.yml`: No such file or directory (os error 2)
2022-03-31 00:11:37:105117990 bb_server/src/plugin/mod.rs:124 [INFO] found panda plugin at plugins/music/main.pand
2022-03-31 00:12:03:439123484 bb_server/src/lib.rs:20 [INFO] generating sugarlang docs...
2022-03-31 00:12:03:445858754 bb_server/src/lib.rs:27 [INFO] generated docs at /data/macmv-programming/rust/bamboo/examples/music/target/sl_docs/bamboo/index.html
2022-03-31 00:12:03:446045859 bb_common/src/config/mod.rs:78 [ERROR] error loading yaml at `plugins/music/plugin.yml`: No such file or directory (os error 2)
2022-03-31 00:12:03:446085177 bb_server/src/plugin/mod.rs:124 [INFO] found panda plugin at plugins/music/main.pand
2022-03-31 00:13:07:817519088 bb_server/src/lib.rs:20 [INFO] generating sugarlang docs...
2022-03-31 00:13:07:821320432 bb_server/src/lib.rs:27 [INFO] generated docs at /data/macmv-programming/rust/bamboo/examples/music/target/sl_docs/bamboo/index.html
2022-03-31 00:13:07:823987844 bb_server/src/world/init.rs:86 [INFO] generating terrain...
2022-03-31 00:13:07:826755921 bb_server/src/world/init.rs:103 [INFO] done generating terrain
2022-03-31 00:13:07:826947431 bb_common/src/config/mod.rs:78 [ERROR] error loading yaml at `plugins/music/plugin.yml`: No such file or directory (os error 2)
2022-03-31 00:13:07:827007377 bb_server/src/plugin/mod.rs:124 [INFO] found panda plugin at plugins/music/main.pand
2022-03-31 00:13:07:827438027 bb_server/src/main.rs:86 [INFO] listening on 0.0.0.0:8483
2022-03-31 00:13:20:835021244 bb_server/src/lib.rs:20 [INFO] generating sugarlang docs...
2022-03-31 00:13:20:838263732 bb_server/src/lib.rs:27 [INFO] generated docs at /data/macmv-programming/rust/bamboo/examples/music/target/sl_docs/bamboo/index.html
2022-03-31 00:13:20:841051221 bb_server/src/world/init.rs:86 [INFO] generating terrain...
2022-03-31 00:13:20:843702078 bb_server/src/world/init.rs:103 [INFO] done generating terrain
2022-03-31 00:13:20:843960091 bb_server/src/plugin/mod.rs:124 [INFO] found panda plugin at plugins/music/main.pand
2022-03-31 00:13:20:844420308 bb_server/src/main.rs:86 [INFO] listening on 0.0.0.0:8483
2022-03-31 00:13:23:282499165 bb_server/src/world/mod.rs:250 [INFO] macmv has joined the game
2022-03-31 00:13:24:828487069 bb_server/src/net/packet.rs:138 [WARN] unknown packet: PlayerCommand { command: StartSprint }
2022-03-31 00:13:29:078183012 bb_server/src/net/packet.rs:138 [WARN] unknown packet: Flying { flying: true }
2022-03-31 00:13:29:227895083 bb_server/src/net/packet.rs:138 [WARN] unknown packet: PlayerCommand { command: StopSprint }
2022-03-31 00:13:29:227918790 bb_server/src/net/packet.rs:138 [WARN] unknown packet: PlayerCommand { command: StartSneak }
2022-03-31 00:13:29:327878675 bb_server/src/net/packet.rs:138 [WARN] unknown packet: PlayerCommand { command: StopSneak }
2022-03-31 00:13:29:778214764 bb_server/src/net/packet.rs:138 [WARN] unknown packet: PlayerCommand { command: StartSneak }
2022-03-31 00:13:29:928873177 bb_server/src/net/packet.rs:138 [WARN] unknown packet: PlayerCommand { command: StopSneak }
2022-03-31 00:13:44:378058813 bb_server/src/net/packet.rs:138 [WARN] unknown packet: PlayerCommand { command: StartSneak }
2022-03-31 00:13:45:027800160 bb_server/src/net/packet.rs:138 [WARN] unknown packet: Flying { flying: false }
2022-03-31 00:13:45:278917719 bb_server/src/net/packet.rs:138 [WARN] unknown packet: PlayerCommand { command: StopSneak }
2022-03-31 00:14:05:507831993 bb_server/src/lib.rs:20 [INFO] generating sugarlang docs...
2022-03-31 00:14:05:515103021 bb_server/src/lib.rs:27 [INFO] generated docs at /data/macmv-programming/rust/bamboo/examples/music/target/sl_docs/bamboo/index.html
2022-03-31 00:14:05:517846837 bb_server/src/world/init.rs:86 [INFO] generating terrain...
2022-03-31 00:14:05:520693285 bb_server/src/world/init.rs:103 [INFO] done generating terrain
2022-03-31 00:14:05:520959311 bb_server/src/plugin/mod.rs:124 [INFO] found panda plugin at plugins/music/main.pand
2022-03-31 00:14:05:521233387 bb_server/src/plugin/panda/mod.rs:141 [WARN] error in plugin `music`:
 in `plugins/music/main.pand`:
  [34m8[0m 
  [34m9[0m   world = bb.default_world()
 [34m10[0m   world.fill_rect_kind(Pos::new(-5, 60, -5), Pos::new(5, 60, 5), block::Kind::from_s("noteblock"))
[31m                                                                     ^^^^^^^^^^^^^^^^^^^ invalid block name 'noteblock'
[0m
2022-03-31 00:14:05:521369723 bb_server/src/main.rs:86 [INFO] listening on 0.0.0.0:8483
2022-03-31 00:14:10:859190580 bb_server/src/lib.rs:20 [INFO] generating sugarlang docs...
2022-03-31 00:14:10:865412246 bb_server/src/lib.rs:27 [INFO] generated docs at /data/macmv-programming/rust/bamboo/examples/music/target/sl_docs/bamboo/index.html
2022-03-31 00:14:10:868213933 bb_server/src/world/init.rs:86 [INFO] generating terrain...
2022-03-31 00:14:10:870958675 bb_server/src/world/init.rs:103 [INFO] done generating terrain
2022-03-31 00:14:10:871227995 bb_server/src/plugin/mod.rs:124 [INFO] found panda plugin at plugins/music/main.pand
2022-03-31 00:14:10:871776394 bb_server/src/main.rs:86 [INFO] listening on 0.0.0.0:8483
2022-03-31 00:14:12:813577606 bb_server/src/world/mod.rs:250 [INFO] macmv has joined the game
2022-03-31 00:14:14:127620091 bb_server/src/net/packet.rs:138 [WARN] unknown packet: Flying { flying: true }
2022-03-31 00:14:14:927841086 bb_server/src/net/packet.rs:138 [WARN] unknown packet: PlayerCommand { command: StartSneak }
2022-03-31 00:14:15:179282623 bb_server/src/net/packet.rs:138 [WARN] unknown packet: PlayerCommand { command: StopSneak }
2022-03-31 00:14:17:427679156 bb_server/src/net/packet.rs:138 [WARN] unknown packet: PlayerCommand { command: StartSneak }
2022-03-31 00:14:17:627834480 bb_server/src/net/packet.rs:138 [WARN] unknown packet: PlayerCommand { command: StopSneak }
2022-03-31 00:14:18:329489141 bb_server/src/net/packet.rs:138 [WARN] unknown packet: Animation { hand: Main }
2022-03-31 00:14:18:728970422 bb_server/src/net/packet.rs:138 [WARN] unknown packet: Animation { hand: Main }
2022-03-31 00:14:18:777849406 bb_server/src/net/packet.rs:138 [WARN] unknown packet: Animation { hand: Main }
2022-03-31 00:14:19:983318337 bb_server/src/world/mod.rs:531 [INFO] macmv left the game
2022-03-31 00:14:19:983478897 bb_server/src/world/mod.rs:546 [WARN] chunks remaining after last player logged off: 4225
2022-03-31 00:14:25:592376899 bb_server/src/lib.rs:20 [INFO] generating sugarlang docs...
2022-03-31 00:14:25:598802651 bb_server/src/lib.rs:27 [INFO] generated docs at /data/macmv-programming/rust/bamboo/examples/music/target/sl_docs/bamboo/index.html
2022-03-31 00:14:25:601433374 bb_server/src/world/init.rs:86 [INFO] generating terrain...
2022-03-31 00:14:25:604108666 bb_server/src/world/init.rs:103 [INFO] done generating terrain
2022-03-31 00:14:25:604378836 bb_server/src/plugin/mod.rs:124 [INFO] found panda plugin at plugins/music/main.pand
2022-03-31 00:14:25:605016360 bb_server/src/main.rs:86 [INFO] listening on 0.0.0.0:8483
2022-03-31 00:14:27:587174821 bb_server/src/world/mod.rs:250 [INFO] macmv has joined the game
2022-03-31 00:14:29:077634060 bb_server/src/net/packet.rs:138 [WARN] unknown packet: PlayerCommand { command: StartSprint }
2022-03-31 00:14:29:527704744 bb_server/src/net/packet.rs:138 [WARN] unknown packet: PlayerCommand { command: StopSprint }
2022-03-31 00:14:30:378303998 bb_server/src/net/packet.rs:138 [WARN] unknown packet: Animation { hand: Main }
2022-03-31 00:14:30:828650164 bb_server/src/net/packet.rs:138 [WARN] unknown packet: Animation { hand: Main }
2022-03-31 00:14:30:877889286 bb_server/src/net/packet.rs:138 [WARN] unknown packet: Animation { hand: Main }
2022-03-31 00:14:31:127971767 bb_server/src/net/packet.rs:138 [WARN] unknown packet: PlayerCommand { command: StartSprint }
2022-03-31 00:14:31:678060484 bb_server/src/net/packet.rs:138 [WARN] unknown packet: PlayerCommand { command: StopSprint }
2022-03-31 00:14:31:927887549 bb_server/src/net/packet.rs:138 [WARN] unknown packet: PlayerCommand { command: StartSneak }
2022-03-31 00:14:34:027894929 bb_server/src/net/packet.rs:138 [WARN] unknown packet: PlayerCommand { command: StopSneak }
2022-03-31 00:14:34:278022829 bb_server/src/net/packet.rs:138 [WARN] unknown packet: PlayerCommand { command: StartSprint }
2022-03-31 00:14:34:628782582 bb_server/src/net/packet.rs:138 [WARN] unknown packet: Flying { flying: true }
2022-03-31 00:14:35:078188432 bb_server/src/net/packet.rs:138 [WARN] unknown packet: PlayerCommand { command: StopSprint }
2022-03-31 00:14:35:078219535 bb_server/src/net/packet.rs:138 [WARN] unknown packet: PlayerCommand { command: StartSneak }
2022-03-31 00:14:35:277843288 bb_server/src/net/packet.rs:138 [WARN] unknown packet: PlayerCommand { command: StopSneak }
2022-03-31 00:17:45:077131275 bb_server/src/lib.rs:20 [INFO] generating sugarlang docs...
2022-03-31 00:17:45:083798058 bb_server/src/lib.rs:27 [INFO] generated docs at /data/macmv-programming/rust/bamboo/examples/music/target/sl_docs/bamboo/index.html
2022-03-31 00:17:45:086622998 bb_server/src/world/init.rs:86 [INFO] generating terrain...
2022-03-31 00:17:45:089511543 bb_server/src/world/init.rs:103 [INFO] done generating terrain
2022-03-31 00:17:45:089802890 bb_server/src/plugin/mod.rs:124 [INFO] found panda plugin at plugins/music/main.pand
2022-03-31 00:17:45:090799846 bb_server/src/main.rs:86 [INFO] listening on 0.0.0.0:8483
2022-03-31 00:17:47:082301074 bb_server/src/world/mod.rs:250 [INFO] macmv has joined the game
2022-03-31 00:17:48:177915634 bb_server/src/net/packet.rs:138 [WARN] unknown packet: Flying { flying: true }
2022-03-31 00:17:48:477743726 bb_server/src/net/packet.rs:138 [WARN] unknown packet: PlayerCommand { command: StartSneak }
2022-03-31 00:17:48:677678184 bb_server/src/net/packet.rs:138 [WARN] unknown packet: PlayerCommand { command: StopSneak }
2022-03-31 00:17:52:377854497 bb_server/src/net/packet.rs:138 [WARN] unknown packet: PlayerCommand { command: StartSneak }
2022-03-31 00:17:52:527852386 bb_server/src/net/packet.rs:138 [WARN] unknown packet: PlayerCommand { command: StopSneak }
2022-03-31 00:17:53:577535971 bb_server/src/net/packet.rs:138 [WARN] unknown packet: PlayerCommand { command: StartSneak }
2022-03-31 00:17:53:727777092 bb_server/src/net/packet.rs:138 [WARN] unknown packet: PlayerCommand { command: StopSneak }
2022-03-31 00:17:55:427717623 bb_server/src/net/packet.rs:138 [WARN] unknown packet: PlayerCommand { command: StartSneak }
2022-03-31 00:17:55:677843546 bb_server/src/net/packet.rs:138 [WARN] unknown packet: Flying { flying: false }
2022-03-31 00:17:55:777796945 bb_server/src/net/packet.rs:138 [WARN] unknown packet: PlayerCommand { command: StopSneak }
2022-03-31 00:17:58:577710837 bb_server/src/net/packet.rs:138 [WARN] unknown packet: Flying { flying: true }
2022-03-31 00:17:58:677750339 bb_server/src/net/packet.rs:138 [WARN] unknown packet: PlayerCommand { command: StartSneak }
2022-03-31 00:17:58:777673085 bb_server/src/net/packet.rs:138 [WARN] unknown packet: PlayerCommand { command: StopSneak }
2022-03-31 00:17:59:927566063 bb_server/src/net/packet.rs:138 [WARN] unknown packet: PlayerCommand { command: StartSneak }
2022-03-31 00:18:00:127754224 bb_server/src/net/packet.rs:138 [WARN] unknown packet: Flying { flying: false }
2022-03-31 00:18:00:277792124 bb_server/src/net/packet.rs:138 [WARN] unknown packet: PlayerCommand { command: StopSneak }
2022-03-31 00:18:00:677571921 bb_server/src/net/packet.rs:138 [WARN] unknown packet: PlayerCommand { command: StartSprint }
2022-03-31 00:18:00:827767183 bb_server/src/net/packet.rs:138 [WARN] unknown packet: PlayerCommand { command: StopSprint }
2022-03-31 00:18:01:578149706 bb_server/src/net/packet.rs:138 [WARN] unknown packet: PlayerCommand { command: StartSprint }
2022-03-31 00:18:05:478175426 bb_server/src/net/packet.rs:138 [WARN] unknown packet: PlayerCommand { command: StopSprint }
2022-03-31 00:18:06:677814297 bb_server/src/net/packet.rs:138 [WARN] unknown packet: PlayerCommand { command: StartSprint }
2022-03-31 00:18:08:427675299 bb_server/src/net/packet.rs:138 [WARN] unknown packet: PlayerCommand { command: StopSprint }
2022-03-31 00:18:08:827600971 bb_server/src/net/packet.rs:138 [WARN] unknown packet: PlayerCommand { command: StartSneak }
2022-03-31 00:18:09:077628718 bb_server/src/net/packet.rs:138 [WARN] unknown packet: PlayerCommand { command: StopSneak }
2022-03-31 00:18:09:227640661 bb_server/src/net/packet.rs:138 [WARN] unknown packet: PlayerCommand { command: StartSprint }
2022-03-31 00:18:12:577823741 bb_server/src/net/packet.rs:138 [WARN] unknown packet: Flying { flying: true }
2022-03-31 00:18:12:877612269 bb_server/src/net/packet.rs:138 [WARN] unknown packet: PlayerCommand { command: StopSprint }
2022-03-31 00:18:12:877634240 bb_server/src/net/packet.rs:138 [WARN] unknown packet: PlayerCommand { command: StartSneak }
2022-03-31 00:18:12:977514623 bb_server/src/net/packet.rs:138 [WARN] unknown packet: PlayerCommand { command: StopSneak }
2022-03-31 00:18:13:928087892 bb_server/src/world/mod.rs:531 [INFO] macmv left the game
2022-03-31 00:18:13:928203198 bb_server/src/world/mod.rs:546 [WARN] chunks remaining after last player logged off: 4225
2022-03-31 00:19:06:380527879 bb_server/src/lib.rs:20 [INFO] generating sugarlang docs...
2022-03-31 00:19:06:387327526 bb_server/src/lib.rs:27 [INFO] generated docs at /data/macmv-programming/rust/bamboo/examples/music/target/sl_docs/bamboo/index.html
2022-03-31 00:19:06:390016408 bb_server/src/world/init.rs:86 [INFO] generating terrain...
2022-03-31 00:19:06:392685610 bb_server/src/world/init.rs:103 [INFO] done generating terrain
2022-03-31 00:19:06:392917860 bb_server/src/plugin/mod.rs:124 [INFO] found panda plugin at plugins/music/main.pand
2022-03-31 00:19:06:393803771 bb_server/src/main.rs:86 [INFO] listening on 0.0.0.0:8483
2022-03-31 00:19:08:066598724 bb_server/src/world/mod.rs:250 [INFO] macmv has joined the game
2022-03-31 00:19:09:277929820 bb_server/src/net/packet.rs:138 [WARN] unknown packet: Flying { flying: true }
2022-03-31 00:19:09:327606189 bb_server/src/net/packet.rs:138 [WARN] unknown packet: Flying { flying: false }
2022-03-31 00:19:10:028510013 bb_server/src/world/mod.rs:531 [INFO] macmv left the game
2022-03-31 00:19:10:028647585 bb_server/src/world/mod.rs:546 [WARN] chunks remaining after last player logged off: 4225
2022-03-31 00:20:00:991853289 bb_server/src/lib.rs:20 [INFO] generating sugarlang docs...
2022-03-31 00:20:00:995490941 bb_server/src/lib.rs:27 [INFO] generated docs at /data/macmv-programming/rust/bamboo/examples/music/target/sl_docs/bamboo/index.html
2022-03-31 00:20:00:998495235 bb_server/src/world/init.rs:86 [INFO] generating terrain...
2022-03-31 00:20:01:001137596 bb_server/src/world/init.rs:103 [INFO] done generating terrain
2022-03-31 00:20:01:001407260 bb_server/src/plugin/mod.rs:124 [INFO] found panda plugin at plugins/music/main.pand
2022-03-31 00:20:01:002151921 bb_server/src/plugin/panda/mod.rs:141 [WARN] error in plugin `music`:
 in `plugins/music/main.pand`:
 [34m26[0m     block::Kind::from_s("pumpkin"),
 [34m27[0m     block::Kind::from_s("emerald_block"),
 [34m28[0m     block::Kind::from_s("hay_bale"),
[31m        ^^^^^^^^^^^^^^^^^^^ invalid block name 'hay_bale'
[0m [34m29[0m     block::Kind::from_s("glowstone"),

2022-03-31 00:20:01:002254062 bb_server/src/main.rs:86 [INFO] listening on 0.0.0.0:8483
2022-03-31 00:20:06:523751819 bb_server/src/lib.rs:20 [INFO] generating sugarlang docs...
2022-03-31 00:20:06:530326360 bb_server/src/lib.rs:27 [INFO] generated docs at /data/macmv-programming/rust/bamboo/examples/music/target/sl_docs/bamboo/index.html
2022-03-31 00:20:06:533194973 bb_server/src/world/init.rs:86 [INFO] generating terrain...
2022-03-31 00:20:06:535783226 bb_server/src/world/init.rs:103 [INFO] done generating terrain
2022-03-31 00:20:06:536032595 bb_server/src/plugin/mod.rs:124 [INFO] found panda plugin at plugins/music/main.pand
2022-03-31 00:20:06:536667869 bb_server/src/plugin/panda/mod.rs:141 [WARN] error in plugin `music`:
 in `plugins/music/main.pand`:
 [34m26[0m     block::Kind::from_s("pumpkin"),
 [34m27[0m     block::Kind::from_s("emerald_block"),
 [34m28[0m     block::Kind::from_s("haybale"),
[31m        ^^^^^^^^^^^^^^^^^^^ invalid block name 'haybale'
[0m [34m29[0m     block::Kind::from_s("glowstone"),

2022-03-31 00:20:06:536745934 bb_server/src/main.rs:86 [INFO] listening on 0.0.0.0:8483
2022-03-31 00:20:26:567102901 bb_server/src/lib.rs:20 [INFO] generating sugarlang docs...
2022-03-31 00:20:26:573574132 bb_server/src/lib.rs:27 [INFO] generated docs at /data/macmv-programming/rust/bamboo/examples/music/target/sl_docs/bamboo/index.html
2022-03-31 00:20:26:576398135 bb_server/src/world/init.rs:86 [INFO] generating terrain...
2022-03-31 00:20:26:579154352 bb_server/src/world/init.rs:103 [INFO] done generating terrain
2022-03-31 00:20:26:579463454 bb_server/src/plugin/mod.rs:124 [INFO] found panda plugin at plugins/music/main.pand
2022-03-31 00:20:26:580512571 bb_server/src/main.rs:86 [INFO] listening on 0.0.0.0:8483
2022-03-31 00:20:28:065098778 bb_server/src/world/mod.rs:250 [INFO] macmv has joined the game
2022-03-31 00:20:29:077540962 bb_server/src/net/packet.rs:138 [WARN] unknown packet: Flying { flying: true }
2022-03-31 00:20:29:227794244 bb_server/src/net/packet.rs:138 [WARN] unknown packet: PlayerCommand { command: StartSneak }
2022-03-31 00:20:29:377668326 bb_server/src/net/packet.rs:138 [WARN] unknown packet: PlayerCommand { command: StopSneak }
2022-03-31 00:20:31:827999950 bb_server/src/world/mod.rs:531 [INFO] macmv left the game
2022-03-31 00:20:31:828123988 bb_server/src/world/mod.rs:546 [WARN] chunks remaining after last player logged off: 4225
2022-03-31 00:20:48:479078005 bb_server/src/lib.rs:20 [INFO] generating sugarlang docs...
2022-03-31 00:20:48:486168431 bb_server/src/lib.rs:27 [INFO] generated docs at /data/macmv-programming/rust/bamboo/examples/music/target/sl_docs/bamboo/index.html
2022-03-31 00:20:48:489259295 bb_server/src/world/init.rs:86 [INFO] generating terrain...
2022-03-31 00:20:48:491972159 bb_server/src/world/init.rs:103 [INFO] done generating terrain
2022-03-31 00:20:48:492352478 bb_server/src/plugin/mod.rs:124 [INFO] found panda plugin at plugins/music/main.pand
2022-03-31 00:20:48:493359922 bb_server/src/main.rs:86 [INFO] listening on 0.0.0.0:8483
2022-03-31 00:20:50:104667559 bb_server/src/world/mod.rs:250 [INFO] macmv has joined the game
2022-03-31 00:20:51:027515669 bb_server/src/net/packet.rs:138 [WARN] unknown packet: Flying { flying: true }
2022-03-31 00:20:51:777733149 bb_server/src/net/packet.rs:138 [WARN] unknown packet: PlayerCommand { command: StartSneak }
2022-03-31 00:20:52:127638627 bb_server/src/net/packet.rs:138 [WARN] unknown packet: PlayerCommand { command: StopSneak }
2022-03-31 00:20:52:427894985 bb_server/src/net/packet.rs:138 [WARN] unknown packet: PlayerCommand { command: StartSneak }
2022-03-31 00:20:52:627935224 bb_server/src/net/packet.rs:138 [WARN] unknown packet: PlayerCommand { command: StopSneak }
2022-03-31 00:20:53:277636597 bb_server/src/net/packet.rs:138 [WARN] unknown packet: PlayerCommand { command: StartSneak }
2022-03-31 00:20:53:427722294 bb_server/src/net/packet.rs:138 [WARN] unknown packet: PlayerCommand { command: StopSneak }
2022-03-31 00:20:57:728110307 bb_server/src/world/mod.rs:531 [INFO] macmv left the game
2022-03-31 00:20:57:728247109 bb_server/src/world/mod.rs:546 [WARN] chunks remaining after last player logged off: 4225
2022-03-31 00:21:05:654957774 bb_server/src/lib.rs:20 [INFO] generating sugarlang docs...
2022-03-31 00:21:05:658229639 bb_server/src/lib.rs:27 [INFO] generated docs at /data/macmv-programming/rust/bamboo/examples/music/target/sl_docs/bamboo/index.html
2022-03-31 00:21:05:660931973 bb_server/src/world/init.rs:86 [INFO] generating terrain...
2022-03-31 00:21:05:663714740 bb_server/src/world/init.rs:103 [INFO] done generating terrain
2022-03-31 00:21:05:663953422 bb_server/src/plugin/mod.rs:124 [INFO] found panda plugin at plugins/music/main.pand
2022-03-31 00:21:05:665008514 bb_server/src/main.rs:86 [INFO] listening on 0.0.0.0:8483
2022-03-31 00:21:07:148787849 bb_server/src/world/mod.rs:250 [INFO] macmv has joined the game
2022-03-31 00:21:08:077544104 bb_server/src/net/packet.rs:138 [WARN] unknown packet: Flying { flying: true }
2022-03-31 00:21:08:377546393 bb_server/src/net/packet.rs:138 [WARN] unknown packet: PlayerCommand { command: StartSneak }
2022-03-31 00:21:08:627684994 bb_server/src/net/packet.rs:138 [WARN] unknown packet: PlayerCommand { command: StopSneak }
2022-03-31 00:21:09:027674458 bb_server/src/net/packet.rs:138 [WARN] unknown packet: PlayerCommand { command: StartSneak }
2022-03-31 00:21:09:227845398 bb_server/src/net/packet.rs:138 [WARN] unknown packet: PlayerCommand { command: StopSneak }
2022-03-31 00:21:09:677584504 bb_server/src/net/packet.rs:138 [WARN] unknown packet: PlayerCommand { command: StartSneak }
2022-03-31 00:21:09:827696071 bb_server/src/net/packet.rs:138 [WARN] unknown packet: PlayerCommand { command: StopSneak }
2022-03-31 00:21:10:227618153 bb_server/src/net/packet.rs:138 [WARN] unknown packet: PlayerCommand { command: StartSprint }
2022-03-31 00:21:10:977731664 bb_server/src/net/packet.rs:138 [WARN] unknown packet: PlayerCommand { command: StopSprint }
2022-03-31 00:21:10:977753321 bb_server/src/net/packet.rs:138 [WARN] unknown packet: PlayerCommand { command: StartSneak }
2022-03-31 00:21:11:277773375 bb_server/src/net/packet.rs:138 [WARN] unknown packet: Flying { flying: false }
2022-03-31 00:21:11:327781888 bb_server/src/net/packet.rs:138 [WARN] unknown packet: PlayerCommand { command: StopSneak }
2022-03-31 00:21:11:477935701 bb_server/src/net/packet.rs:138 [WARN] unknown packet: PlayerCommand { command: StartSprint }
2022-03-31 00:21:11:977982943 bb_server/src/net/packet.rs:138 [WARN] unknown packet: Flying { flying: true }
2022-03-31 00:21:12:028818024 bb_server/src/net/packet.rs:138 [WARN] unknown packet: PlayerCommand { command: StopSprint }
2022-03-31 00:21:12:177793699 bb_server/src/net/packet.rs:138 [WARN] unknown packet: PlayerCommand { command: StartSneak }
2022-03-31 00:21:12:277535983 bb_server/src/net/packet.rs:138 [WARN] unknown packet: PlayerCommand { command: StopSneak }
2022-03-31 00:21:13:428278495 bb_server/src/world/mod.rs:531 [INFO] macmv left the game
2022-03-31 00:21:13:428397962 bb_server/src/world/mod.rs:546 [WARN] chunks remaining after last player logged off: 4225
